<?xml version='1.0' encoding='UTF-8'?>
<testsuite hostname="Stefanos-CENTURY-MBP-G3F19" name="FibersExercisesSpec" tests="8" errors="0" failures="0" skipped="0" time="2.218" timestamp="2023-12-13T10:22:38">
          <properties>
      <property name="java.specification.version" value="17"/><property name="sun.jnu.encoding" value="UTF-8"/><property name="sun.arch.data.model" value="64"/><property name="java.vendor.url" value="https://aws.amazon.com/corretto/"/><property name="sun.boot.library.path" value="/Users/stefanosstefanou/Library/Java/JavaVirtualMachines/corretto-17.0.9/Contents/Home/lib"/><property name="sun.java.command" value="/opt/homebrew/Cellar/sbt/1.9.7/libexec/bin/sbt-launch.jar"/><property name="jdk.debug" value="release"/><property name="sun.stderr.encoding" value="UTF-8"/><property name="java.specification.vendor" value="Oracle Corporation"/><property name="java.version.date" value="2023-10-17"/><property name="java.home" value="/Users/stefanosstefanou/Library/Java/JavaVirtualMachines/corretto-17.0.9/Contents/Home"/><property name="file.separator" value="/"/><property name="java.vm.compressedOopsMode" value="Zero based"/><property name="line.separator" value="
"/><property name="sun.stdout.encoding" value="UTF-8"/><property name="java.vm.specification.vendor" value="Oracle Corporation"/><property name="java.specification.name" value="Java Platform API Specification"/><property name="sun.management.compiler" value="HotSpot 64-Bit Tiered Compilers"/><property name="java.runtime.version" value="17.0.9+8-LTS"/><property name="user.name" value="stefanosstefanou"/><property name="log4j.ignoreTCL" value="true"/><property name="file.encoding" value="UTF-8"/><property name="java.vendor.version" value="Corretto-17.0.9.8.1"/><property name="java.io.tmpdir" value="/var/folders/bx/60xnl0t12h3450p42btdlf980000gn/T/"/><property name="java.version" value="17.0.9"/><property name="java.vm.specification.name" value="Java Virtual Machine Specification"/><property name="native.encoding" value="UTF-8"/><property name="java.library.path" value="/Users/stefanosstefanou/Library/Java/Extensions:/Library/Java/Extensions:/Network/Library/Java/Extensions:/System/Library/Java/Extensions:/usr/lib/java:."/><property name="java.vendor" value="Amazon.com Inc."/><property name="scala.ext.dirs" value="/Users/stefanosstefanou/.sbt/1.0/java9-rt-ext-amazon_com_inc__17_0_9"/><property name="sun.io.unicode.encoding" value="UnicodeBig"/><property name="socksNonProxyHosts" value="local|*.local|169.254/16|*.169.254/16"/><property name="java.class.path" value="/opt/homebrew/Cellar/sbt/1.9.7/libexec/bin/sbt-launch.jar"/><property name="java.vm.vendor" value="Amazon.com Inc."/><property name="jline.shutdownhook" value="false"/><property name="user.timezone" value="Europe/Athens"/><property name="java.vm.specification.version" value="17"/><property name="os.name" value="Mac OS X"/><property name="sun.java.launcher" value="SUN_STANDARD"/><property name="user.country" value="001"/><property name="http.nonProxyHosts" value="local|*.local|169.254/16|*.169.254/16"/><property name="sun.cpu.endian" value="little"/><property name="user.home" value="/Users/stefanosstefanou"/><property name="user.language" value="en"/><property name="sbt.script" value="/opt/homebrew/Cellar/sbt/1.9.7/libexec/bin/sbt"/><property name="sbt.ipcsocket.tmpdir" value="/var/folders/bx/60xnl0t12h3450p42btdlf980000gn/T/.sbt384dc6e9/ipcsocket"/><property name="swoval.tmpdir" value="/var/folders/bx/60xnl0t12h3450p42btdlf980000gn/T/.sbt384dc6e9/swoval"/><property name="jline.esc.timeout" value="0"/><property name="ftp.nonProxyHosts" value="local|*.local|169.254/16|*.169.254/16"/><property name="path.separator" value=":"/><property name="os.version" value="14.1.2"/><property name="jna.nosys" value="true"/><property name="java.runtime.name" value="OpenJDK Runtime Environment"/><property name="java.vm.name" value="OpenJDK 64-Bit Server VM"/><property name="java.vendor.url.bug" value="https://github.com/corretto/corretto-17/issues/"/><property name="user.dir" value="/Users/stefanosstefanou/Desktop/repos/rock-the-jvm-my-exersises-cats-effects"/><property name="os.arch" value="aarch64"/><property name="java.vm.info" value="mixed mode, sharing"/><property name="java.vm.version" value="17.0.9+8-LTS"/><property name="java.class.version" value="61.0"/>
    </properties>
          <testcase classname="FibersExercisesSpec" name="onAnotherThread should Propagate success" time="0.069">
                      
                    </testcase><testcase classname="FibersExercisesSpec" name="onAnotherThread should Propagate failure" time="0.002">
                      
                    </testcase><testcase classname="FibersExercisesSpec" name="onAnotherThread should Transform cancellation as MonadError" time="0.0">
                      
                    </testcase><testcase classname="FibersExercisesSpec" name="tupleIOs should return a product of Success computations" time="0.001">
                      
                    </testcase><testcase classname="FibersExercisesSpec" name="tupleIOs should return failure in case of left Throwable" time="0.1">
                      
                    </testcase><testcase classname="FibersExercisesSpec" name="tupleIOs should return failure in case of right Throwable" time="0.0">
                      
                    </testcase><testcase classname="FibersExercisesSpec" name="timeout should should not cancel faster-than-timeout computations" time="1.042">
                      
                    </testcase><testcase classname="FibersExercisesSpec" name="timeout should should cancel slower-than-timeout computations" time="1.004">
                      
                    </testcase>
          <system-out><![CDATA[]]></system-out>
          <system-err><![CDATA[]]></system-err>
        </testsuite>